<?xml version="1.0" encoding="UTF-8"?>
<testsuite xmlns:xsi="http://www.w3.org/2001/XMLSchema-instance" xsi:schemaLocation="https://maven.apache.org/surefire/maven-surefire-plugin/xsd/surefire-test-report.xsd" name="org.apache.commons.lang3.ConversionTest" time="0.01" tests="42" errors="0" skipped="0" failures="0">
  <properties>
    <property name="java.runtime.name" value="Java(TM) SE Runtime Environment"/>
    <property name="sun.boot.library.path" value="/usr/lib/jvm/java-8-oracle/jre/lib/amd64"/>
    <property name="java.vm.version" value="25.111-b14"/>
    <property name="java.vm.vendor" value="Oracle Corporation"/>
    <property name="maven.multiModuleProjectDirectory" value="/home/lmasi/Documents/RA/2017/apacheLang/langTest"/>
    <property name="java.vendor.url" value="http://java.oracle.com/"/>
    <property name="path.separator" value=":"/>
    <property name="guice.disable.misplaced.annotation.check" value="true"/>
    <property name="java.vm.name" value="Java HotSpot(TM) 64-Bit Server VM"/>
    <property name="file.encoding.pkg" value="sun.io"/>
    <property name="user.country" value="US"/>
    <property name="sun.java.launcher" value="SUN_STANDARD"/>
    <property name="sun.os.patch.level" value="unknown"/>
    <property name="java.vm.specification.name" value="Java Virtual Machine Specification"/>
    <property name="user.dir" value="/home/lmasi/Documents/RA/2017/apacheLang/langTest"/>
    <property name="java.runtime.version" value="1.8.0_111-b14"/>
    <property name="java.awt.graphicsenv" value="sun.awt.X11GraphicsEnvironment"/>
    <property name="java.endorsed.dirs" value="/usr/lib/jvm/java-8-oracle/jre/lib/endorsed"/>
    <property name="os.arch" value="amd64"/>
    <property name="java.io.tmpdir" value="/tmp"/>
    <property name="line.separator" value="&#10;"/>
    <property name="java.vm.specification.vendor" value="Oracle Corporation"/>
    <property name="os.name" value="Linux"/>
    <property name="classworlds.conf" value="/usr/share/maven/bin/m2.conf"/>
    <property name="sun.jnu.encoding" value="UTF-8"/>
    <property name="java.library.path" value="/usr/java/packages/lib/amd64:/usr/lib64:/lib64:/lib:/usr/lib"/>
    <property name="java.specification.name" value="Java Platform API Specification"/>
    <property name="java.class.version" value="52.0"/>
    <property name="sun.management.compiler" value="HotSpot 64-Bit Tiered Compilers"/>
    <property name="os.version" value="4.4.0-45-generic"/>
    <property name="user.home" value="/home/lmasi"/>
    <property name="user.timezone" value="Asia/Seoul"/>
    <property name="java.awt.printerjob" value="sun.print.PSPrinterJob"/>
    <property name="file.encoding" value="UTF-8"/>
    <property name="java.specification.version" value="1.8"/>
    <property name="user.name" value="lmasi"/>
    <property name="java.class.path" value="/usr/share/maven/boot/plexus-classworlds-2.x.jar"/>
    <property name="java.vm.specification.version" value="1.8"/>
    <property name="sun.arch.data.model" value="64"/>
    <property name="java.home" value="/usr/lib/jvm/java-8-oracle/jre"/>
    <property name="sun.java.command" value="org.codehaus.plexus.classworlds.launcher.Launcher test"/>
    <property name="java.specification.vendor" value="Oracle Corporation"/>
    <property name="user.language" value="en"/>
    <property name="awt.toolkit" value="sun.awt.X11.XToolkit"/>
    <property name="java.vm.info" value="mixed mode"/>
    <property name="java.version" value="1.8.0_111"/>
    <property name="java.ext.dirs" value="/usr/lib/jvm/java-8-oracle/jre/lib/ext:/usr/java/packages/lib/ext"/>
    <property name="securerandom.source" value="file:/dev/./urandom"/>
    <property name="sun.boot.class.path" value="/usr/lib/jvm/java-8-oracle/jre/lib/resources.jar:/usr/lib/jvm/java-8-oracle/jre/lib/rt.jar:/usr/lib/jvm/java-8-oracle/jre/lib/sunrsasign.jar:/usr/lib/jvm/java-8-oracle/jre/lib/jsse.jar:/usr/lib/jvm/java-8-oracle/jre/lib/jce.jar:/usr/lib/jvm/java-8-oracle/jre/lib/charsets.jar:/usr/lib/jvm/java-8-oracle/jre/lib/jfr.jar:/usr/lib/jvm/java-8-oracle/jre/classes"/>
    <property name="java.vendor" value="Oracle Corporation"/>
    <property name="maven.home" value="/usr/share/maven"/>
    <property name="file.separator" value="/"/>
    <property name="java.vendor.url.bug" value="http://bugreport.sun.com/bugreport/"/>
    <property name="sun.cpu.endian" value="little"/>
    <property name="sun.io.unicode.encoding" value="UnicodeLittle"/>
    <property name="sun.cpu.isalist" value=""/>
  </properties>
  <testcase name="testBinaryToHexDigit" classname="org.apache.commons.lang3.ConversionTest" time="0"/>
  <testcase name="testIntToBinary" classname="org.apache.commons.lang3.ConversionTest" time="0"/>
  <testcase name="testShortArrayToInt" classname="org.apache.commons.lang3.ConversionTest" time="0"/>
  <testcase name="testBinaryToHexDigit_2args" classname="org.apache.commons.lang3.ConversionTest" time="0"/>
  <testcase name="testBinaryBeMsb0ToHexDigit_2args" classname="org.apache.commons.lang3.ConversionTest" time="0"/>
  <testcase name="testByteToHex" classname="org.apache.commons.lang3.ConversionTest" time="0.001"/>
  <testcase name="testBinaryBeMsb0ToHexDigit" classname="org.apache.commons.lang3.ConversionTest" time="0"/>
  <testcase name="testBinaryToShort" classname="org.apache.commons.lang3.ConversionTest" time="0"/>
  <testcase name="testShortToBinary" classname="org.apache.commons.lang3.ConversionTest" time="0"/>
  <testcase name="testBinaryToHexDigitMsb0_bits" classname="org.apache.commons.lang3.ConversionTest" time="0"/>
  <testcase name="testHexToByte" classname="org.apache.commons.lang3.ConversionTest" time="0"/>
  <testcase name="testHexToLong" classname="org.apache.commons.lang3.ConversionTest" time="0"/>
  <testcase name="testShortArrayToLong" classname="org.apache.commons.lang3.ConversionTest" time="0"/>
  <testcase name="testByteArrayToLong" classname="org.apache.commons.lang3.ConversionTest" time="0"/>
  <testcase name="testByteArrayToUuid" classname="org.apache.commons.lang3.ConversionTest" time="0"/>
  <testcase name="testLongToShortArray" classname="org.apache.commons.lang3.ConversionTest" time="0"/>
  <testcase name="testHexDigitMsb0ToBinary" classname="org.apache.commons.lang3.ConversionTest" time="0"/>
  <testcase name="testUuidToByteArray" classname="org.apache.commons.lang3.ConversionTest" time="0"/>
  <testcase name="testIntToShortArray" classname="org.apache.commons.lang3.ConversionTest" time="0"/>
  <testcase name="testIntArrayToLong" classname="org.apache.commons.lang3.ConversionTest" time="0"/>
  <testcase name="testHexDigitMsb0ToInt" classname="org.apache.commons.lang3.ConversionTest" time="0"/>
  <testcase name="testShortToByteArray" classname="org.apache.commons.lang3.ConversionTest" time="0"/>
  <testcase name="testHexDigitToBinary" classname="org.apache.commons.lang3.ConversionTest" time="0"/>
  <testcase name="testHexToInt" classname="org.apache.commons.lang3.ConversionTest" time="0.001"/>
  <testcase name="testIntToByteArray" classname="org.apache.commons.lang3.ConversionTest" time="0"/>
  <testcase name="testIntToHexDigitMsb0" classname="org.apache.commons.lang3.ConversionTest" time="0"/>
  <testcase name="testLongToByteArray" classname="org.apache.commons.lang3.ConversionTest" time="0"/>
  <testcase name="testLongToBinary" classname="org.apache.commons.lang3.ConversionTest" time="0"/>
  <testcase name="testHexDigitToInt" classname="org.apache.commons.lang3.ConversionTest" time="0"/>
  <testcase name="testLongToHex" classname="org.apache.commons.lang3.ConversionTest" time="0"/>
  <testcase name="testShortToHex" classname="org.apache.commons.lang3.ConversionTest" time="0"/>
  <testcase name="testLongToIntArray" classname="org.apache.commons.lang3.ConversionTest" time="0"/>
  <testcase name="testByteToBinary" classname="org.apache.commons.lang3.ConversionTest" time="0"/>
  <testcase name="testBinaryToByte" classname="org.apache.commons.lang3.ConversionTest" time="0"/>
  <testcase name="testBinaryToLong" classname="org.apache.commons.lang3.ConversionTest" time="0"/>
  <testcase name="testIntToHex" classname="org.apache.commons.lang3.ConversionTest" time="0"/>
  <testcase name="testByteArrayToInt" classname="org.apache.commons.lang3.ConversionTest" time="0"/>
  <testcase name="testHexToShort" classname="org.apache.commons.lang3.ConversionTest" time="0"/>
  <testcase name="testIntToHexDigit" classname="org.apache.commons.lang3.ConversionTest" time="0"/>
  <testcase name="testBinaryToHexDigitMsb0_4bits_2args" classname="org.apache.commons.lang3.ConversionTest" time="0"/>
  <testcase name="testByteArrayToShort" classname="org.apache.commons.lang3.ConversionTest" time="0"/>
  <testcase name="testBinaryToInt" classname="org.apache.commons.lang3.ConversionTest" time="0"/>
</testsuite>