<?xml version="1.0" encoding="UTF-8"?>
<testsuite xmlns:xsi="http://www.w3.org/2001/XMLSchema-instance" xsi:schemaLocation="https://maven.apache.org/surefire/maven-surefire-plugin/xsd/surefire-test-report.xsd" name="org.apache.commons.lang3.builder.HashCodeBuilderTest" time="0.005" tests="45" errors="0" skipped="0" failures="0">
  <properties>
    <property name="java.runtime.name" value="Java(TM) SE Runtime Environment"/>
    <property name="sun.boot.library.path" value="/usr/lib/jvm/java-8-oracle/jre/lib/amd64"/>
    <property name="java.vm.version" value="25.111-b14"/>
    <property name="java.vm.vendor" value="Oracle Corporation"/>
    <property name="maven.multiModuleProjectDirectory" value="/home/lmasi/Documents/RA/2017/apacheLang/lang"/>
    <property name="java.vendor.url" value="http://java.oracle.com/"/>
    <property name="path.separator" value=":"/>
    <property name="guice.disable.misplaced.annotation.check" value="true"/>
    <property name="java.vm.name" value="Java HotSpot(TM) 64-Bit Server VM"/>
    <property name="file.encoding.pkg" value="sun.io"/>
    <property name="user.country" value="US"/>
    <property name="sun.java.launcher" value="SUN_STANDARD"/>
    <property name="sun.os.patch.level" value="unknown"/>
    <property name="java.vm.specification.name" value="Java Virtual Machine Specification"/>
    <property name="user.dir" value="/home/lmasi/Documents/RA/2017/apacheLang/lang"/>
    <property name="java.runtime.version" value="1.8.0_111-b14"/>
    <property name="java.awt.graphicsenv" value="sun.awt.X11GraphicsEnvironment"/>
    <property name="java.endorsed.dirs" value="/usr/lib/jvm/java-8-oracle/jre/lib/endorsed"/>
    <property name="os.arch" value="amd64"/>
    <property name="java.io.tmpdir" value="/tmp"/>
    <property name="line.separator" value="&#10;"/>
    <property name="java.vm.specification.vendor" value="Oracle Corporation"/>
    <property name="os.name" value="Linux"/>
    <property name="classworlds.conf" value="/usr/share/maven/bin/m2.conf"/>
    <property name="sun.jnu.encoding" value="UTF-8"/>
    <property name="java.library.path" value="/usr/java/packages/lib/amd64:/usr/lib64:/lib64:/lib:/usr/lib"/>
    <property name="java.specification.name" value="Java Platform API Specification"/>
    <property name="java.class.version" value="52.0"/>
    <property name="sun.management.compiler" value="HotSpot 64-Bit Tiered Compilers"/>
    <property name="os.version" value="4.4.0-45-generic"/>
    <property name="user.home" value="/home/lmasi"/>
    <property name="user.timezone" value="Asia/Seoul"/>
    <property name="java.awt.printerjob" value="sun.print.PSPrinterJob"/>
    <property name="file.encoding" value="UTF-8"/>
    <property name="java.specification.version" value="1.8"/>
    <property name="user.name" value="lmasi"/>
    <property name="java.class.path" value="/usr/share/maven/boot/plexus-classworlds-2.x.jar"/>
    <property name="java.vm.specification.version" value="1.8"/>
    <property name="sun.arch.data.model" value="64"/>
    <property name="java.home" value="/usr/lib/jvm/java-8-oracle/jre"/>
    <property name="sun.java.command" value="org.codehaus.plexus.classworlds.launcher.Launcher test"/>
    <property name="java.specification.vendor" value="Oracle Corporation"/>
    <property name="user.language" value="en"/>
    <property name="awt.toolkit" value="sun.awt.X11.XToolkit"/>
    <property name="java.vm.info" value="mixed mode"/>
    <property name="java.version" value="1.8.0_111"/>
    <property name="java.ext.dirs" value="/usr/lib/jvm/java-8-oracle/jre/lib/ext:/usr/java/packages/lib/ext"/>
    <property name="securerandom.source" value="file:/dev/./urandom"/>
    <property name="sun.boot.class.path" value="/usr/lib/jvm/java-8-oracle/jre/lib/resources.jar:/usr/lib/jvm/java-8-oracle/jre/lib/rt.jar:/usr/lib/jvm/java-8-oracle/jre/lib/sunrsasign.jar:/usr/lib/jvm/java-8-oracle/jre/lib/jsse.jar:/usr/lib/jvm/java-8-oracle/jre/lib/jce.jar:/usr/lib/jvm/java-8-oracle/jre/lib/charsets.jar:/usr/lib/jvm/java-8-oracle/jre/lib/jfr.jar:/usr/lib/jvm/java-8-oracle/jre/classes"/>
    <property name="java.vendor" value="Oracle Corporation"/>
    <property name="maven.home" value="/usr/share/maven"/>
    <property name="file.separator" value="/"/>
    <property name="java.vendor.url.bug" value="http://bugreport.sun.com/bugreport/"/>
    <property name="sun.cpu.endian" value="little"/>
    <property name="sun.io.unicode.encoding" value="UnicodeLittle"/>
    <property name="sun.cpu.isalist" value=""/>
  </properties>
  <testcase name="testCharArray" classname="org.apache.commons.lang3.builder.HashCodeBuilderTest" time="0.001"/>
  <testcase name="testConstructorExEvenSecond" classname="org.apache.commons.lang3.builder.HashCodeBuilderTest" time="0"/>
  <testcase name="testConstructorExEvenFirst" classname="org.apache.commons.lang3.builder.HashCodeBuilderTest" time="0"/>
  <testcase name="testObjectArray" classname="org.apache.commons.lang3.builder.HashCodeBuilderTest" time="0"/>
  <testcase name="testObjectBuild" classname="org.apache.commons.lang3.builder.HashCodeBuilderTest" time="0"/>
  <testcase name="testCharArrayAsObject" classname="org.apache.commons.lang3.builder.HashCodeBuilderTest" time="0"/>
  <testcase name="testFloatArray" classname="org.apache.commons.lang3.builder.HashCodeBuilderTest" time="0"/>
  <testcase name="testInt" classname="org.apache.commons.lang3.builder.HashCodeBuilderTest" time="0"/>
  <testcase name="testByteArray" classname="org.apache.commons.lang3.builder.HashCodeBuilderTest" time="0"/>
  <testcase name="testFloat" classname="org.apache.commons.lang3.builder.HashCodeBuilderTest" time="0"/>
  <testcase name="testShort" classname="org.apache.commons.lang3.builder.HashCodeBuilderTest" time="0"/>
  <testcase name="testSuper" classname="org.apache.commons.lang3.builder.HashCodeBuilderTest" time="0"/>
  <testcase name="testByte" classname="org.apache.commons.lang3.builder.HashCodeBuilderTest" time="0"/>
  <testcase name="testChar" classname="org.apache.commons.lang3.builder.HashCodeBuilderTest" time="0"/>
  <testcase name="testLong" classname="org.apache.commons.lang3.builder.HashCodeBuilderTest" time="0"/>
  <testcase name="testFloatArrayAsObject" classname="org.apache.commons.lang3.builder.HashCodeBuilderTest" time="0"/>
  <testcase name="testToHashCodeExclude" classname="org.apache.commons.lang3.builder.HashCodeBuilderTest" time="0.002"/>
  <testcase name="testConstructorExZero" classname="org.apache.commons.lang3.builder.HashCodeBuilderTest" time="0"/>
  <testcase name="testIntArrayAsObject" classname="org.apache.commons.lang3.builder.HashCodeBuilderTest" time="0"/>
  <testcase name="testReflectionHashCodeEx1" classname="org.apache.commons.lang3.builder.HashCodeBuilderTest" time="0"/>
  <testcase name="testReflectionHashCodeEx2" classname="org.apache.commons.lang3.builder.HashCodeBuilderTest" time="0"/>
  <testcase name="testReflectionHashCodeEx3" classname="org.apache.commons.lang3.builder.HashCodeBuilderTest" time="0"/>
  <testcase name="testBoolean" classname="org.apache.commons.lang3.builder.HashCodeBuilderTest" time="0"/>
  <testcase name="testBooleanArray" classname="org.apache.commons.lang3.builder.HashCodeBuilderTest" time="0.001"/>
  <testcase name="testDoubleArrayAsObject" classname="org.apache.commons.lang3.builder.HashCodeBuilderTest" time="0"/>
  <testcase name="testReflectionHierarchyHashCodeEx1" classname="org.apache.commons.lang3.builder.HashCodeBuilderTest" time="0"/>
  <testcase name="testReflectionHierarchyHashCodeEx2" classname="org.apache.commons.lang3.builder.HashCodeBuilderTest" time="0"/>
  <testcase name="testReflectionObjectCycle" classname="org.apache.commons.lang3.builder.HashCodeBuilderTest" time="0"/>
  <testcase name="testReflectionHierarchyHashCode" classname="org.apache.commons.lang3.builder.HashCodeBuilderTest" time="0"/>
  <testcase name="testObjectArrayAsObject" classname="org.apache.commons.lang3.builder.HashCodeBuilderTest" time="0"/>
  <testcase name="testBooleanMultiArray" classname="org.apache.commons.lang3.builder.HashCodeBuilderTest" time="0"/>
  <testcase name="testLongArray" classname="org.apache.commons.lang3.builder.HashCodeBuilderTest" time="0.001"/>
  <testcase name="testShortArray" classname="org.apache.commons.lang3.builder.HashCodeBuilderTest" time="0"/>
  <testcase name="testIntArray" classname="org.apache.commons.lang3.builder.HashCodeBuilderTest" time="0"/>
  <testcase name="testDouble" classname="org.apache.commons.lang3.builder.HashCodeBuilderTest" time="0"/>
  <testcase name="testToHashCodeEqualsHashCode" classname="org.apache.commons.lang3.builder.HashCodeBuilderTest" time="0"/>
  <testcase name="testReflectionHashCode" classname="org.apache.commons.lang3.builder.HashCodeBuilderTest" time="0"/>
  <testcase name="testObject" classname="org.apache.commons.lang3.builder.HashCodeBuilderTest" time="0"/>
  <testcase name="testLongArrayAsObject" classname="org.apache.commons.lang3.builder.HashCodeBuilderTest" time="0"/>
  <testcase name="testByteArrayAsObject" classname="org.apache.commons.lang3.builder.HashCodeBuilderTest" time="0"/>
  <testcase name="testConstructorExEvenNegative" classname="org.apache.commons.lang3.builder.HashCodeBuilderTest" time="0"/>
  <testcase name="testReflectionHashCodeExcludeFields" classname="org.apache.commons.lang3.builder.HashCodeBuilderTest" time="0"/>
  <testcase name="testShortArrayAsObject" classname="org.apache.commons.lang3.builder.HashCodeBuilderTest" time="0"/>
  <testcase name="testDoubleArray" classname="org.apache.commons.lang3.builder.HashCodeBuilderTest" time="0"/>
  <testcase name="testBooleanArrayAsObject" classname="org.apache.commons.lang3.builder.HashCodeBuilderTest" time="0"/>
</testsuite>